<?xml version="1.0" encoding="UTF-8" ?>
<testsuite failures="0" time="0.125" errors="0" skipped="0" tests="1" name="com.springinaction.chapter01.knight.KnightOfTheRoundTableTest">
  <properties>
    <property name="java.runtime.name" value="Java(TM) SE Runtime Environment"/>
    <property name="sun.boot.library.path" value="C:\Program Files\Java\jdk1.6.0_18\jre\bin"/>
    <property name="java.vm.version" value="16.0-b13"/>
    <property name="java.vm.vendor" value="Sun Microsystems Inc."/>
    <property name="java.vendor.url" value="http://java.sun.com/"/>
    <property name="path.separator" value=";"/>
    <property name="java.vm.name" value="Java HotSpot(TM) Client VM"/>
    <property name="file.encoding.pkg" value="sun.io"/>
    <property name="user.country" value="US"/>
    <property name="sun.java.launcher" value="SUN_STANDARD"/>
    <property name="sun.os.patch.level" value="Service Pack 3"/>
    <property name="java.vm.specification.name" value="Java Virtual Machine Specification"/>
    <property name="user.dir" value="C:\miei\Workspaces\Spring\SpringInActionChapter01\Knight"/>
    <property name="java.runtime.version" value="1.6.0_18-b07"/>
    <property name="java.awt.graphicsenv" value="sun.awt.Win32GraphicsEnvironment"/>
    <property name="basedir" value="C:\miei\Workspaces\Spring\SpringInActionChapter01\Knight"/>
    <property name="java.endorsed.dirs" value="C:\Program Files\Java\jdk1.6.0_18\jre\lib\endorsed"/>
    <property name="os.arch" value="x86"/>
    <property name="surefire.real.class.path" value="C:\DOCUME~1\W947523\LOCALS~1\Temp\surefirebooter7411570101836780522.jar"/>
    <property name="java.io.tmpdir" value="C:\DOCUME~1\W947523\LOCALS~1\Temp\"/>
    <property name="line.separator" value="
"/>
    <property name="java.vm.specification.vendor" value="Sun Microsystems Inc."/>
    <property name="user.variant" value=""/>
    <property name="os.name" value="Windows XP"/>
    <property name="sun.jnu.encoding" value="Cp1252"/>
    <property name="java.library.path" value="C:\Program Files\Java\jdk1.6.0_18\jre\bin;.;C:\WINNT\Sun\Java\bin;C:\WINNT\system32;C:\WINNT;C:\Program Files\Java\jdk1.6.0_18\jre\bin;C:/Program Files/Java/jdk1.6.0_18/jre/bin/client;C:/Program Files/Java/jdk1.6.0_18/jre/bin;C:/Program Files/Java/jdk1.6.0_18/jre/lib/i386;C:\orant\Ora81\bin\;C:\Program Files\Oracle\jre\1.1.7\bin\;C:\WINNT\system32;C:\WINNT;C:\WINNT\System32\Wbem;C:\Program Files\Attachmate\E!E2K\;C:\Program Files\Common Files\McKesson\MIG\IP;C:\Program Files\Common Files\McKesson\MIG\LOG\;C:\Program Files\McKesson\HRS Distributed\;C:\Program Files\QuickTime\QTSystem\;C:\Program Files\Borland\StarTeam SDK 10.4\bin\;C:\Program Files\Borland\StarTeam SDK 10.4\Lib\;C:\Program Files\Symantec\pcAnywhere\;C:\Program Files\CREDANT\Shield v6.8\;C:\Program Files\Medcon\Medcon Common\"/>
    <property name="surefire.test.class.path" value="C:\miei\Workspaces\Spring\SpringInActionChapter01\Knight\target\test-classes;C:\miei\Workspaces\Spring\SpringInActionChapter01\Knight\target\classes;C:\Documents and Settings\W947523\.m2\repository\aspectj\aspectjweaver\1.5.3\aspectjweaver-1.5.3.jar;C:\Documents and Settings\W947523\.m2\repository\xerces\xercesImpl\2.8.1\xercesImpl-2.8.1.jar;C:\Documents and Settings\W947523\.m2\repository\xml-apis\xml-apis\1.3.03\xml-apis-1.3.03.jar;C:\Documents and Settings\W947523\.m2\repository\org\springframework\org.springframework.aop\3.0.5.RELEASE\org.springframework.aop-3.0.5.RELEASE.jar;C:\Documents and Settings\W947523\.m2\repository\org\aopalliance\com.springsource.org.aopalliance\1.0.0\com.springsource.org.aopalliance-1.0.0.jar;C:\Documents and Settings\W947523\.m2\repository\org\springframework\org.springframework.beans\3.0.5.RELEASE\org.springframework.beans-3.0.5.RELEASE.jar;C:\Documents and Settings\W947523\.m2\repository\org\springframework\org.springframework.core\3.0.5.RELEASE\org.springframework.core-3.0.5.RELEASE.jar;C:\Documents and Settings\W947523\.m2\repository\org\springframework\org.springframework.asm\3.0.5.RELEASE\org.springframework.asm-3.0.5.RELEASE.jar;C:\Documents and Settings\W947523\.m2\repository\org\springframework\org.springframework.context\3.0.5.RELEASE\org.springframework.context-3.0.5.RELEASE.jar;C:\Documents and Settings\W947523\.m2\repository\org\springframework\org.springframework.expression\3.0.5.RELEASE\org.springframework.expression-3.0.5.RELEASE.jar;C:\Documents and Settings\W947523\.m2\repository\org\springframework\org.springframework.context.support\3.0.5.RELEASE\org.springframework.context.support-3.0.5.RELEASE.jar;C:\Documents and Settings\W947523\.m2\repository\org\springframework\org.springframework.jdbc\3.0.5.RELEASE\org.springframework.jdbc-3.0.5.RELEASE.jar;C:\Documents and Settings\W947523\.m2\repository\org\springframework\org.springframework.transaction\3.0.5.RELEASE\org.springframework.transaction-3.0.5.RELEASE.jar;C:\Documents and Settings\W947523\.m2\repository\org\springframework\org.springframework.jms\3.0.5.RELEASE\org.springframework.jms-3.0.5.RELEASE.jar;C:\Documents and Settings\W947523\.m2\repository\org\springframework\org.springframework.orm\3.0.5.RELEASE\org.springframework.orm-3.0.5.RELEASE.jar;C:\Documents and Settings\W947523\.m2\repository\org\springframework\org.springframework.oxm\3.0.5.RELEASE\org.springframework.oxm-3.0.5.RELEASE.jar;C:\Documents and Settings\W947523\.m2\repository\org\springframework\org.springframework.web\3.0.5.RELEASE\org.springframework.web-3.0.5.RELEASE.jar;C:\Documents and Settings\W947523\.m2\repository\org\springframework\org.springframework.web.servlet\3.0.5.RELEASE\org.springframework.web.servlet-3.0.5.RELEASE.jar;C:\Documents and Settings\W947523\.m2\repository\org\springframework\org.springframework.web.portlet\3.0.5.RELEASE\org.springframework.web.portlet-3.0.5.RELEASE.jar;C:\Documents and Settings\W947523\.m2\repository\javax\servlet\com.springsource.javax.servlet\2.5.0\com.springsource.javax.servlet-2.5.0.jar;C:\Documents and Settings\W947523\.m2\repository\org\slf4j\jcl-over-slf4j\1.5.8\jcl-over-slf4j-1.5.8.jar;C:\Documents and Settings\W947523\.m2\repository\org\slf4j\slf4j-api\1.5.8\slf4j-api-1.5.8.jar;C:\Documents and Settings\W947523\.m2\repository\org\slf4j\slf4j-log4j12\1.5.8\slf4j-log4j12-1.5.8.jar;C:\Documents and Settings\W947523\.m2\repository\log4j\log4j\1.2.14\log4j-1.2.14.jar;C:\Documents and Settings\W947523\.m2\repository\junit\junit\3.8.1\junit-3.8.1.jar;C:\Documents and Settings\W947523\.m2\repository\junit-addons\junit-addons\1.4\junit-addons-1.4.jar;C:\Documents and Settings\W947523\.m2\repository\xerces\xmlParserAPIs\2.6.2\xmlParserAPIs-2.6.2.jar;"/>
    <property name="java.specification.name" value="Java Platform API Specification"/>
    <property name="java.class.version" value="50.0"/>
    <property name="sun.management.compiler" value="HotSpot Client Compiler"/>
    <property name="os.version" value="5.1"/>
    <property name="user.home" value="C:\Documents and Settings\W947523"/>
    <property name="user.timezone" value=""/>
    <property name="java.awt.printerjob" value="sun.awt.windows.WPrinterJob"/>
    <property name="java.specification.version" value="1.6"/>
    <property name="file.encoding" value="Cp1252"/>
    <property name="user.name" value="W947523"/>
    <property name="java.class.path" value="C:\miei\Workspaces\Spring\SpringInActionChapter01\Knight\target\test-classes;C:\miei\Workspaces\Spring\SpringInActionChapter01\Knight\target\classes;C:\Documents and Settings\W947523\.m2\repository\aspectj\aspectjweaver\1.5.3\aspectjweaver-1.5.3.jar;C:\Documents and Settings\W947523\.m2\repository\xerces\xercesImpl\2.8.1\xercesImpl-2.8.1.jar;C:\Documents and Settings\W947523\.m2\repository\xml-apis\xml-apis\1.3.03\xml-apis-1.3.03.jar;C:\Documents and Settings\W947523\.m2\repository\org\springframework\org.springframework.aop\3.0.5.RELEASE\org.springframework.aop-3.0.5.RELEASE.jar;C:\Documents and Settings\W947523\.m2\repository\org\aopalliance\com.springsource.org.aopalliance\1.0.0\com.springsource.org.aopalliance-1.0.0.jar;C:\Documents and Settings\W947523\.m2\repository\org\springframework\org.springframework.beans\3.0.5.RELEASE\org.springframework.beans-3.0.5.RELEASE.jar;C:\Documents and Settings\W947523\.m2\repository\org\springframework\org.springframework.core\3.0.5.RELEASE\org.springframework.core-3.0.5.RELEASE.jar;C:\Documents and Settings\W947523\.m2\repository\org\springframework\org.springframework.asm\3.0.5.RELEASE\org.springframework.asm-3.0.5.RELEASE.jar;C:\Documents and Settings\W947523\.m2\repository\org\springframework\org.springframework.context\3.0.5.RELEASE\org.springframework.context-3.0.5.RELEASE.jar;C:\Documents and Settings\W947523\.m2\repository\org\springframework\org.springframework.expression\3.0.5.RELEASE\org.springframework.expression-3.0.5.RELEASE.jar;C:\Documents and Settings\W947523\.m2\repository\org\springframework\org.springframework.context.support\3.0.5.RELEASE\org.springframework.context.support-3.0.5.RELEASE.jar;C:\Documents and Settings\W947523\.m2\repository\org\springframework\org.springframework.jdbc\3.0.5.RELEASE\org.springframework.jdbc-3.0.5.RELEASE.jar;C:\Documents and Settings\W947523\.m2\repository\org\springframework\org.springframework.transaction\3.0.5.RELEASE\org.springframework.transaction-3.0.5.RELEASE.jar;C:\Documents and Settings\W947523\.m2\repository\org\springframework\org.springframework.jms\3.0.5.RELEASE\org.springframework.jms-3.0.5.RELEASE.jar;C:\Documents and Settings\W947523\.m2\repository\org\springframework\org.springframework.orm\3.0.5.RELEASE\org.springframework.orm-3.0.5.RELEASE.jar;C:\Documents and Settings\W947523\.m2\repository\org\springframework\org.springframework.oxm\3.0.5.RELEASE\org.springframework.oxm-3.0.5.RELEASE.jar;C:\Documents and Settings\W947523\.m2\repository\org\springframework\org.springframework.web\3.0.5.RELEASE\org.springframework.web-3.0.5.RELEASE.jar;C:\Documents and Settings\W947523\.m2\repository\org\springframework\org.springframework.web.servlet\3.0.5.RELEASE\org.springframework.web.servlet-3.0.5.RELEASE.jar;C:\Documents and Settings\W947523\.m2\repository\org\springframework\org.springframework.web.portlet\3.0.5.RELEASE\org.springframework.web.portlet-3.0.5.RELEASE.jar;C:\Documents and Settings\W947523\.m2\repository\javax\servlet\com.springsource.javax.servlet\2.5.0\com.springsource.javax.servlet-2.5.0.jar;C:\Documents and Settings\W947523\.m2\repository\org\slf4j\jcl-over-slf4j\1.5.8\jcl-over-slf4j-1.5.8.jar;C:\Documents and Settings\W947523\.m2\repository\org\slf4j\slf4j-api\1.5.8\slf4j-api-1.5.8.jar;C:\Documents and Settings\W947523\.m2\repository\org\slf4j\slf4j-log4j12\1.5.8\slf4j-log4j12-1.5.8.jar;C:\Documents and Settings\W947523\.m2\repository\log4j\log4j\1.2.14\log4j-1.2.14.jar;C:\Documents and Settings\W947523\.m2\repository\junit\junit\3.8.1\junit-3.8.1.jar;C:\Documents and Settings\W947523\.m2\repository\junit-addons\junit-addons\1.4\junit-addons-1.4.jar;C:\Documents and Settings\W947523\.m2\repository\xerces\xmlParserAPIs\2.6.2\xmlParserAPIs-2.6.2.jar;"/>
    <property name="java.vm.specification.version" value="1.0"/>
    <property name="sun.arch.data.model" value="32"/>
    <property name="java.home" value="C:\Program Files\Java\jdk1.6.0_18\jre"/>
    <property name="java.specification.vendor" value="Sun Microsystems Inc."/>
    <property name="user.language" value="en"/>
    <property name="awt.toolkit" value="sun.awt.windows.WToolkit"/>
    <property name="java.vm.info" value="mixed mode, sharing"/>
    <property name="java.version" value="1.6.0_18"/>
    <property name="java.ext.dirs" value="C:\Program Files\Java\jdk1.6.0_18\jre\lib\ext;C:\WINNT\Sun\Java\lib\ext"/>
    <property name="sun.boot.class.path" value="C:\Program Files\Java\jdk1.6.0_18\jre\lib\resources.jar;C:\Program Files\Java\jdk1.6.0_18\jre\lib\rt.jar;C:\Program Files\Java\jdk1.6.0_18\jre\lib\sunrsasign.jar;C:\Program Files\Java\jdk1.6.0_18\jre\lib\jsse.jar;C:\Program Files\Java\jdk1.6.0_18\jre\lib\jce.jar;C:\Program Files\Java\jdk1.6.0_18\jre\lib\charsets.jar;C:\Program Files\Java\jdk1.6.0_18\jre\classes"/>
    <property name="java.vendor" value="Sun Microsystems Inc."/>
    <property name="localRepository" value="C:\Documents and Settings\W947523\.m2\repository"/>
    <property name="file.separator" value="\"/>
    <property name="java.vendor.url.bug" value="http://java.sun.com/cgi-bin/bugreport.cgi"/>
    <property name="sun.cpu.endian" value="little"/>
    <property name="sun.io.unicode.encoding" value="UnicodeLittle"/>
    <property name="sun.desktop" value="windows"/>
    <property name="sun.cpu.isalist" value="pentium_pro+mmx pentium_pro pentium+mmx pentium i486 i386 i86"/>
  </properties>
  <testcase time="0.016" classname="com.springinaction.chapter01.knight.KnightOfTheRoundTableTest" name="testEmbarkOnQuest"/>
</testsuite>