<?xml version="1.0" encoding="UTF-8" ?>
<testsuite failures="0" time="0.016" errors="1" skipped="0" tests="1" name="common.CommonTestCase">
  <properties>
    <property name="java.runtime.name" value="Java(TM) SE Runtime Environment"/>
    <property name="sun.boot.library.path" value="C:\Program Files\Java\jdk1.6.0_18\jre\bin"/>
    <property name="java.vm.version" value="16.0-b13"/>
    <property name="java.vm.vendor" value="Sun Microsystems Inc."/>
    <property name="java.vendor.url" value="http://java.sun.com/"/>
    <property name="path.separator" value=";"/>
    <property name="java.vm.name" value="Java HotSpot(TM) Client VM"/>
    <property name="file.encoding.pkg" value="sun.io"/>
    <property name="user.country" value="US"/>
    <property name="sun.java.launcher" value="SUN_STANDARD"/>
    <property name="sun.os.patch.level" value="Service Pack 3"/>
    <property name="java.vm.specification.name" value="Java Virtual Machine Specification"/>
    <property name="user.dir" value="C:\miei\Workspaces\Spring\Spring-ws-server"/>
    <property name="java.runtime.version" value="1.6.0_18-b07"/>
    <property name="java.awt.graphicsenv" value="sun.awt.Win32GraphicsEnvironment"/>
    <property name="basedir" value="C:\miei\Workspaces\Spring\Spring-ws-server"/>
    <property name="java.endorsed.dirs" value="C:\Program Files\Java\jdk1.6.0_18\jre\lib\endorsed"/>
    <property name="os.arch" value="x86"/>
    <property name="surefire.real.class.path" value="C:\DOCUME~1\W947523\LOCALS~1\Temp\surefirebooter425674001688079507.jar"/>
    <property name="java.io.tmpdir" value="C:\DOCUME~1\W947523\LOCALS~1\Temp\"/>
    <property name="line.separator" value="
"/>
    <property name="java.vm.specification.vendor" value="Sun Microsystems Inc."/>
    <property name="user.variant" value=""/>
    <property name="os.name" value="Windows XP"/>
    <property name="sun.jnu.encoding" value="Cp1252"/>
    <property name="java.library.path" value="C:\Program Files\Java\jdk1.6.0_18\jre\bin;.;C:\WINNT\Sun\Java\bin;C:\WINNT\system32;C:\WINNT;C:/Program Files/Java/jdk1.6.0_18/jre/bin/client;C:/Program Files/Java/jdk1.6.0_18/jre/bin;C:/Program Files/Java/jdk1.6.0_18/jre/lib/i386;C:\orant\Ora81\bin\;C:\Program Files\Oracle\jre\1.1.7\bin\;C:\WINNT\system32;C:\WINNT;C:\WINNT\System32\Wbem;C:\Program Files\Attachmate\E!E2K\;C:\Program Files\Common Files\McKesson\MIG\IP;C:\Program Files\Common Files\McKesson\MIG\LOG\;C:\Program Files\McKesson\HRS Distributed\;C:\Program Files\QuickTime\QTSystem\;C:\Program Files\Borland\StarTeam SDK 10.4\bin\;C:\Program Files\Borland\StarTeam SDK 10.4\Lib\;C:\Program Files\Symantec\pcAnywhere\;C:\Program Files\CREDANT\Shield v6.8\;C:\Program Files\Medcon\Medcon Common\"/>
    <property name="surefire.test.class.path" value="C:\miei\Workspaces\Spring\Spring-ws-server\target\test-classes;C:\miei\Workspaces\Spring\Spring-ws-server\target\classes;C:\Documents and Settings\W947523\.m2\repository\org\springframework\ws\spring-ws-core\1.5.9\spring-ws-core-1.5.9.jar;C:\Documents and Settings\W947523\.m2\repository\org\springframework\ws\spring-xml\1.5.9\spring-xml-1.5.9.jar;C:\Documents and Settings\W947523\.m2\repository\org\springframework\spring-context\2.5.6\spring-context-2.5.6.jar;C:\Documents and Settings\W947523\.m2\repository\aopalliance\aopalliance\1.0\aopalliance-1.0.jar;C:\Documents and Settings\W947523\.m2\repository\commons-logging\commons-logging\1.1.1\commons-logging-1.1.1.jar;C:\Documents and Settings\W947523\.m2\repository\org\springframework\spring-beans\2.5.6\spring-beans-2.5.6.jar;C:\Documents and Settings\W947523\.m2\repository\org\springframework\spring-core\2.5.6\spring-core-2.5.6.jar;C:\Documents and Settings\W947523\.m2\repository\org\springframework\ws\spring-oxm\1.5.9\spring-oxm-1.5.9.jar;C:\Documents and Settings\W947523\.m2\repository\org\springframework\spring-aop\2.5.6\spring-aop-2.5.6.jar;C:\Documents and Settings\W947523\.m2\repository\org\springframework\spring-web\2.5.6\spring-web-2.5.6.jar;C:\Documents and Settings\W947523\.m2\repository\org\springframework\spring-webmvc\2.5.6\spring-webmvc-2.5.6.jar;C:\Documents and Settings\W947523\.m2\repository\org\springframework\spring-context-support\2.5.6\spring-context-support-2.5.6.jar;C:\Documents and Settings\W947523\.m2\repository\wsdl4j\wsdl4j\1.6.1\wsdl4j-1.6.1.jar;C:\Documents and Settings\W947523\.m2\repository\org\springframework\ws\spring-ws-core-tiger\1.5.9\spring-ws-core-tiger-1.5.9.jar;C:\Documents and Settings\W947523\.m2\repository\org\springframework\ws\spring-oxm-tiger\1.5.9\spring-oxm-tiger-1.5.9.jar;C:\Documents and Settings\W947523\.m2\repository\org\springframework\ws\spring-ws-support\1.5.9\spring-ws-support-1.5.9.jar;C:\Documents and Settings\W947523\.m2\repository\org\springframework\spring-jms\2.5.6\spring-jms-2.5.6.jar;C:\Documents and Settings\W947523\.m2\repository\commons-pool\commons-pool\1.3\commons-pool-1.3.jar;C:\Documents and Settings\W947523\.m2\repository\org\springframework\spring-tx\2.5.6\spring-tx-2.5.6.jar;C:\Documents and Settings\W947523\.m2\repository\junit\junit\4.8.2\junit-4.8.2.jar;C:\Documents and Settings\W947523\.m2\repository\log4j\log4j\1.2.16\log4j-1.2.16.jar;"/>
    <property name="java.specification.name" value="Java Platform API Specification"/>
    <property name="java.class.version" value="50.0"/>
    <property name="sun.management.compiler" value="HotSpot Client Compiler"/>
    <property name="os.version" value="5.1"/>
    <property name="user.home" value="C:\Documents and Settings\W947523"/>
    <property name="user.timezone" value=""/>
    <property name="java.awt.printerjob" value="sun.awt.windows.WPrinterJob"/>
    <property name="java.specification.version" value="1.6"/>
    <property name="file.encoding" value="Cp1252"/>
    <property name="user.name" value="W947523"/>
    <property name="java.class.path" value="C:\miei\Workspaces\Spring\Spring-ws-server\target\test-classes;C:\miei\Workspaces\Spring\Spring-ws-server\target\classes;C:\Documents and Settings\W947523\.m2\repository\org\springframework\ws\spring-ws-core\1.5.9\spring-ws-core-1.5.9.jar;C:\Documents and Settings\W947523\.m2\repository\org\springframework\ws\spring-xml\1.5.9\spring-xml-1.5.9.jar;C:\Documents and Settings\W947523\.m2\repository\org\springframework\spring-context\2.5.6\spring-context-2.5.6.jar;C:\Documents and Settings\W947523\.m2\repository\aopalliance\aopalliance\1.0\aopalliance-1.0.jar;C:\Documents and Settings\W947523\.m2\repository\commons-logging\commons-logging\1.1.1\commons-logging-1.1.1.jar;C:\Documents and Settings\W947523\.m2\repository\org\springframework\spring-beans\2.5.6\spring-beans-2.5.6.jar;C:\Documents and Settings\W947523\.m2\repository\org\springframework\spring-core\2.5.6\spring-core-2.5.6.jar;C:\Documents and Settings\W947523\.m2\repository\org\springframework\ws\spring-oxm\1.5.9\spring-oxm-1.5.9.jar;C:\Documents and Settings\W947523\.m2\repository\org\springframework\spring-aop\2.5.6\spring-aop-2.5.6.jar;C:\Documents and Settings\W947523\.m2\repository\org\springframework\spring-web\2.5.6\spring-web-2.5.6.jar;C:\Documents and Settings\W947523\.m2\repository\org\springframework\spring-webmvc\2.5.6\spring-webmvc-2.5.6.jar;C:\Documents and Settings\W947523\.m2\repository\org\springframework\spring-context-support\2.5.6\spring-context-support-2.5.6.jar;C:\Documents and Settings\W947523\.m2\repository\wsdl4j\wsdl4j\1.6.1\wsdl4j-1.6.1.jar;C:\Documents and Settings\W947523\.m2\repository\org\springframework\ws\spring-ws-core-tiger\1.5.9\spring-ws-core-tiger-1.5.9.jar;C:\Documents and Settings\W947523\.m2\repository\org\springframework\ws\spring-oxm-tiger\1.5.9\spring-oxm-tiger-1.5.9.jar;C:\Documents and Settings\W947523\.m2\repository\org\springframework\ws\spring-ws-support\1.5.9\spring-ws-support-1.5.9.jar;C:\Documents and Settings\W947523\.m2\repository\org\springframework\spring-jms\2.5.6\spring-jms-2.5.6.jar;C:\Documents and Settings\W947523\.m2\repository\commons-pool\commons-pool\1.3\commons-pool-1.3.jar;C:\Documents and Settings\W947523\.m2\repository\org\springframework\spring-tx\2.5.6\spring-tx-2.5.6.jar;C:\Documents and Settings\W947523\.m2\repository\junit\junit\4.8.2\junit-4.8.2.jar;C:\Documents and Settings\W947523\.m2\repository\log4j\log4j\1.2.16\log4j-1.2.16.jar;"/>
    <property name="java.vm.specification.version" value="1.0"/>
    <property name="sun.arch.data.model" value="32"/>
    <property name="java.home" value="C:\Program Files\Java\jdk1.6.0_18\jre"/>
    <property name="java.specification.vendor" value="Sun Microsystems Inc."/>
    <property name="user.language" value="en"/>
    <property name="awt.toolkit" value="sun.awt.windows.WToolkit"/>
    <property name="java.vm.info" value="mixed mode, sharing"/>
    <property name="java.version" value="1.6.0_18"/>
    <property name="java.ext.dirs" value="C:\Program Files\Java\jdk1.6.0_18\jre\lib\ext;C:\WINNT\Sun\Java\lib\ext"/>
    <property name="sun.boot.class.path" value="C:\Program Files\Java\jdk1.6.0_18\jre\lib\resources.jar;C:\Program Files\Java\jdk1.6.0_18\jre\lib\rt.jar;C:\Program Files\Java\jdk1.6.0_18\jre\lib\sunrsasign.jar;C:\Program Files\Java\jdk1.6.0_18\jre\lib\jsse.jar;C:\Program Files\Java\jdk1.6.0_18\jre\lib\jce.jar;C:\Program Files\Java\jdk1.6.0_18\jre\lib\charsets.jar;C:\Program Files\Java\jdk1.6.0_18\jre\classes"/>
    <property name="java.vendor" value="Sun Microsystems Inc."/>
    <property name="localRepository" value="C:\Documents and Settings\W947523\.m2\repository"/>
    <property name="file.separator" value="\"/>
    <property name="java.vendor.url.bug" value="http://java.sun.com/cgi-bin/bugreport.cgi"/>
    <property name="sun.cpu.endian" value="little"/>
    <property name="sun.io.unicode.encoding" value="UnicodeLittle"/>
    <property name="sun.desktop" value="windows"/>
    <property name="sun.cpu.isalist" value="pentium_pro+mmx pentium_pro pentium+mmx pentium i486 i386 i86"/>
  </properties>
  <testcase time="0" classname="common.CommonTestCase" name="initializationError">
    <error message="No runnable methods" type="java.lang.Exception">java.lang.Exception: No runnable methods
	at org.junit.runners.BlockJUnit4ClassRunner.validateInstanceMethods(BlockJUnit4ClassRunner.java:177)
	at org.junit.runners.BlockJUnit4ClassRunner.collectInitializationErrors(BlockJUnit4ClassRunner.java:122)
	at org.junit.runners.ParentRunner.validate(ParentRunner.java:269)
	at org.junit.runners.ParentRunner.&lt;init&gt;(ParentRunner.java:66)
	at org.junit.runners.BlockJUnit4ClassRunner.&lt;init&gt;(BlockJUnit4ClassRunner.java:58)
	at org.junit.internal.builders.JUnit4Builder.runnerForClass(JUnit4Builder.java:13)
	at org.junit.runners.model.RunnerBuilder.safeRunnerForClass(RunnerBuilder.java:57)
	at org.junit.internal.builders.AllDefaultPossibilitiesBuilder.runnerForClass(AllDefaultPossibilitiesBuilder.java:29)
	at org.junit.runners.model.RunnerBuilder.safeRunnerForClass(RunnerBuilder.java:57)
	at org.junit.internal.requests.ClassRequest.getRunner(ClassRequest.java:24)
	at org.apache.maven.surefire.junit4.JUnit4TestSet.&lt;init&gt;(JUnit4TestSet.java:45)
	at org.apache.maven.surefire.junit4.JUnit4DirectoryTestSuite.createTestSet(JUnit4DirectoryTestSuite.java:56)
	at org.apache.maven.surefire.suite.AbstractDirectoryTestSuite.locateTestSets(AbstractDirectoryTestSuite.java:96)
	at org.apache.maven.surefire.Surefire.createSuiteFromDefinition(Surefire.java:209)
	at org.apache.maven.surefire.Surefire.run(Surefire.java:156)
	at sun.reflect.NativeMethodAccessorImpl.invoke0(Native Method)
	at sun.reflect.NativeMethodAccessorImpl.invoke(NativeMethodAccessorImpl.java:39)
	at sun.reflect.DelegatingMethodAccessorImpl.invoke(DelegatingMethodAccessorImpl.java:25)
	at java.lang.reflect.Method.invoke(Method.java:597)
	at org.apache.maven.surefire.booter.SurefireBooter.runSuitesInProcess(SurefireBooter.java:345)
	at org.apache.maven.surefire.booter.SurefireBooter.main(SurefireBooter.java:1009)
</error>
  </testcase>
</testsuite>